2017-08-09 10:32:13 [INFO ] [] XPayClient initialize [./lgdacom] [test]
2017-08-09 10:32:13 [DEBUG] [] Config [server_id] = [01]
2017-08-09 10:32:13 [DEBUG] [] Config [timeout] = [60]
2017-08-09 10:32:13 [DEBUG] [] Config [log_level] = [4]
2017-08-09 10:32:13 [DEBUG] [] Config [verify_cert] = [1]
2017-08-09 10:32:13 [DEBUG] [] Config [verify_host] = [1]
2017-08-09 10:32:13 [DEBUG] [] Config [report_error] = [1]
2017-08-09 10:32:13 [DEBUG] [] Config [output_UTF8] = [1]
2017-08-09 10:32:13 [DEBUG] [] Config [auto_rollback] = [1]
2017-08-09 10:32:13 [DEBUG] [] Config [log_dir] = [./log]
2017-08-09 10:32:13 [DEBUG] [] Config [tminiver] = [690e08092ca44edaa0d2800e85d66137]
2017-08-09 10:32:13 [DEBUG] [] Config [miniver] = [690e08092ca44edaa0d2800e85d66137]
2017-08-09 10:32:13 [DEBUG] [] Config [url] = [https://xpayclient.lgdacom.net/xpay/Gateway.do]
2017-08-09 10:32:13 [DEBUG] [] Config [test_url] = [https://xpayclient.lgdacom.net:7443/xpay/Gateway.do]
2017-08-09 10:32:13 [DEBUG] [] Config [aux_url] = [http://xpayclient.lgdacom.net:7080/xpay/Gateway.do]
2017-08-09 10:32:13 [FATAL] [] Key for MID [tlgdacomxpay] does not exist in mall.conf
2017-08-09 10:32:18 [INFO ] [] XPayClient initialize [./lgdacom] [test]
2017-08-09 10:32:18 [DEBUG] [] Config [server_id] = [01]
2017-08-09 10:32:18 [DEBUG] [] Config [timeout] = [60]
2017-08-09 10:32:18 [DEBUG] [] Config [log_level] = [4]
2017-08-09 10:32:18 [DEBUG] [] Config [verify_cert] = [1]
2017-08-09 10:32:18 [DEBUG] [] Config [verify_host] = [1]
2017-08-09 10:32:18 [DEBUG] [] Config [report_error] = [1]
2017-08-09 10:32:18 [DEBUG] [] Config [output_UTF8] = [1]
2017-08-09 10:32:18 [DEBUG] [] Config [auto_rollback] = [1]
2017-08-09 10:32:18 [DEBUG] [] Config [log_dir] = [./log]
2017-08-09 10:32:18 [DEBUG] [] Config [tminiver] = [690e08092ca44edaa0d2800e85d66137]
2017-08-09 10:32:18 [DEBUG] [] Config [miniver] = [690e08092ca44edaa0d2800e85d66137]
2017-08-09 10:32:18 [DEBUG] [] Config [url] = [https://xpayclient.lgdacom.net/xpay/Gateway.do]
2017-08-09 10:32:18 [DEBUG] [] Config [test_url] = [https://xpayclient.lgdacom.net:7443/xpay/Gateway.do]
2017-08-09 10:32:18 [DEBUG] [] Config [aux_url] = [http://xpayclient.lgdacom.net:7080/xpay/Gateway.do]
2017-08-09 10:32:18 [FATAL] [] Key for MID [tlgdacomxpay] does not exist in mall.conf
2017-08-09 10:32:44 [INFO ] [] XPayClient initialize [./lgdacom] [test]
2017-08-09 10:32:44 [DEBUG] [] Config [server_id] = [01]
2017-08-09 10:32:44 [DEBUG] [] Config [timeout] = [60]
2017-08-09 10:32:44 [DEBUG] [] Config [log_level] = [4]
2017-08-09 10:32:44 [DEBUG] [] Config [verify_cert] = [1]
2017-08-09 10:32:44 [DEBUG] [] Config [verify_host] = [1]
2017-08-09 10:32:44 [DEBUG] [] Config [report_error] = [1]
2017-08-09 10:32:44 [DEBUG] [] Config [output_UTF8] = [0]
2017-08-09 10:32:44 [DEBUG] [] Config [auto_rollback] = [1]
2017-08-09 10:32:44 [DEBUG] [] Config [log_dir] = [./log]
2017-08-09 10:32:44 [DEBUG] [] Config [tminiver] = [690e08092ca44edaa0d2800e85d66137]
2017-08-09 10:32:44 [DEBUG] [] Config [miniver] = [690e08092ca44edaa0d2800e85d66137]
2017-08-09 10:32:44 [DEBUG] [] Config [url] = [https://xpayclient.lgdacom.net/xpay/Gateway.do]
2017-08-09 10:32:44 [DEBUG] [] Config [test_url] = [https://xpayclient.lgdacom.net:7443/xpay/Gateway.do]
2017-08-09 10:32:44 [DEBUG] [] Config [aux_url] = [http://xpayclient.lgdacom.net:7080/xpay/Gateway.do]
2017-08-09 10:32:44 [FATAL] [] Key for MID [tlgdacomxpay] does not exist in mall.conf
2017-08-09 10:32:45 [INFO ] [] XPayClient initialize [./lgdacom] [test]
2017-08-09 10:32:45 [DEBUG] [] Config [server_id] = [01]
2017-08-09 10:32:45 [DEBUG] [] Config [timeout] = [60]
2017-08-09 10:32:45 [DEBUG] [] Config [log_level] = [4]
2017-08-09 10:32:45 [DEBUG] [] Config [verify_cert] = [1]
2017-08-09 10:32:45 [DEBUG] [] Config [verify_host] = [1]
2017-08-09 10:32:45 [DEBUG] [] Config [report_error] = [1]
2017-08-09 10:32:45 [DEBUG] [] Config [output_UTF8] = [0]
2017-08-09 10:32:45 [DEBUG] [] Config [auto_rollback] = [1]
2017-08-09 10:32:45 [DEBUG] [] Config [log_dir] = [./log]
2017-08-09 10:32:45 [DEBUG] [] Config [tminiver] = [690e08092ca44edaa0d2800e85d66137]
2017-08-09 10:32:45 [DEBUG] [] Config [miniver] = [690e08092ca44edaa0d2800e85d66137]
2017-08-09 10:32:45 [DEBUG] [] Config [url] = [https://xpayclient.lgdacom.net/xpay/Gateway.do]
2017-08-09 10:32:45 [DEBUG] [] Config [test_url] = [https://xpayclient.lgdacom.net:7443/xpay/Gateway.do]
2017-08-09 10:32:45 [DEBUG] [] Config [aux_url] = [http://xpayclient.lgdacom.net:7080/xpay/Gateway.do]
2017-08-09 10:32:45 [FATAL] [] Key for MID [tlgdacomxpay] does not exist in mall.conf
2017-08-09 10:32:46 [INFO ] [] XPayClient initialize [./lgdacom] [test]
2017-08-09 10:32:46 [DEBUG] [] Config [server_id] = [01]
2017-08-09 10:32:46 [DEBUG] [] Config [timeout] = [60]
2017-08-09 10:32:46 [DEBUG] [] Config [log_level] = [4]
2017-08-09 10:32:46 [DEBUG] [] Config [verify_cert] = [1]
2017-08-09 10:32:46 [DEBUG] [] Config [verify_host] = [1]
2017-08-09 10:32:46 [DEBUG] [] Config [report_error] = [1]
2017-08-09 10:32:46 [DEBUG] [] Config [output_UTF8] = [0]
2017-08-09 10:32:46 [DEBUG] [] Config [auto_rollback] = [1]
2017-08-09 10:32:46 [DEBUG] [] Config [log_dir] = [./log]
2017-08-09 10:32:46 [DEBUG] [] Config [tminiver] = [690e08092ca44edaa0d2800e85d66137]
2017-08-09 10:32:46 [DEBUG] [] Config [miniver] = [690e08092ca44edaa0d2800e85d66137]
2017-08-09 10:32:46 [DEBUG] [] Config [url] = [https://xpayclient.lgdacom.net/xpay/Gateway.do]
2017-08-09 10:32:46 [DEBUG] [] Config [test_url] = [https://xpayclient.lgdacom.net:7443/xpay/Gateway.do]
2017-08-09 10:32:46 [DEBUG] [] Config [aux_url] = [http://xpayclient.lgdacom.net:7080/xpay/Gateway.do]
2017-08-09 10:32:46 [FATAL] [] Key for MID [tlgdacomxpay] does not exist in mall.conf
2017-08-09 10:32:48 [INFO ] [] XPayClient initialize [./lgdacom] [test]
2017-08-09 10:32:48 [DEBUG] [] Config [server_id] = [01]
2017-08-09 10:32:48 [DEBUG] [] Config [timeout] = [60]
2017-08-09 10:32:48 [DEBUG] [] Config [log_level] = [4]
2017-08-09 10:32:48 [DEBUG] [] Config [verify_cert] = [1]
2017-08-09 10:32:48 [DEBUG] [] Config [verify_host] = [1]
2017-08-09 10:32:48 [DEBUG] [] Config [report_error] = [1]
2017-08-09 10:32:48 [DEBUG] [] Config [output_UTF8] = [0]
2017-08-09 10:32:48 [DEBUG] [] Config [auto_rollback] = [1]
2017-08-09 10:32:48 [DEBUG] [] Config [log_dir] = [./log]
2017-08-09 10:32:48 [DEBUG] [] Config [tminiver] = [690e08092ca44edaa0d2800e85d66137]
2017-08-09 10:32:48 [DEBUG] [] Config [miniver] = [690e08092ca44edaa0d2800e85d66137]
2017-08-09 10:32:48 [DEBUG] [] Config [url] = [https://xpayclient.lgdacom.net/xpay/Gateway.do]
2017-08-09 10:32:48 [DEBUG] [] Config [test_url] = [https://xpayclient.lgdacom.net:7443/xpay/Gateway.do]
2017-08-09 10:32:48 [DEBUG] [] Config [aux_url] = [http://xpayclient.lgdacom.net:7080/xpay/Gateway.do]
2017-08-09 10:32:48 [FATAL] [] Key for MID [tlgdacomxpay] does not exist in mall.conf
2017-08-09 10:33:22 [INFO ] [] XPayClient initialize [./lgdacom] [test]
2017-08-09 10:33:22 [DEBUG] [] Config [server_id] = [01]
2017-08-09 10:33:22 [DEBUG] [] Config [timeout] = [60]
2017-08-09 10:33:22 [DEBUG] [] Config [log_level] = [4]
2017-08-09 10:33:22 [DEBUG] [] Config [verify_cert] = [1]
2017-08-09 10:33:22 [DEBUG] [] Config [verify_host] = [1]
2017-08-09 10:33:22 [DEBUG] [] Config [report_error] = [1]
2017-08-09 10:33:22 [DEBUG] [] Config [output_UTF8] = [0]
2017-08-09 10:33:22 [DEBUG] [] Config [auto_rollback] = [1]
2017-08-09 10:33:22 [DEBUG] [] Config [log_dir] = [./log]
2017-08-09 10:33:22 [DEBUG] [] Config [tminiver] = [690e08092ca44edaa0d2800e85d66137]
2017-08-09 10:33:22 [DEBUG] [] Config [miniver] = [690e08092ca44edaa0d2800e85d66137]
2017-08-09 10:33:22 [DEBUG] [] Config [url] = [https://xpayclient.lgdacom.net/xpay/Gateway.do]
2017-08-09 10:33:22 [DEBUG] [] Config [test_url] = [https://xpayclient.lgdacom.net:7443/xpay/Gateway.do]
2017-08-09 10:33:22 [DEBUG] [] Config [aux_url] = [http://xpayclient.lgdacom.net:7080/xpay/Gateway.do]
2017-08-09 10:33:22 [FATAL] [] Key for MID [tlgdacomxpay] does not exist in mall.conf
2017-08-09 10:33:23 [INFO ] [] XPayClient initialize [./lgdacom] [test]
2017-08-09 10:33:23 [DEBUG] [] Config [server_id] = [01]
2017-08-09 10:33:23 [DEBUG] [] Config [timeout] = [60]
2017-08-09 10:33:23 [DEBUG] [] Config [log_level] = [4]
2017-08-09 10:33:23 [DEBUG] [] Config [verify_cert] = [1]
2017-08-09 10:33:23 [DEBUG] [] Config [verify_host] = [1]
2017-08-09 10:33:23 [DEBUG] [] Config [report_error] = [1]
2017-08-09 10:33:23 [DEBUG] [] Config [output_UTF8] = [0]
2017-08-09 10:33:23 [DEBUG] [] Config [auto_rollback] = [1]
2017-08-09 10:33:23 [DEBUG] [] Config [log_dir] = [./log]
2017-08-09 10:33:23 [DEBUG] [] Config [tminiver] = [690e08092ca44edaa0d2800e85d66137]
2017-08-09 10:33:23 [DEBUG] [] Config [miniver] = [690e08092ca44edaa0d2800e85d66137]
2017-08-09 10:33:23 [DEBUG] [] Config [url] = [https://xpayclient.lgdacom.net/xpay/Gateway.do]
2017-08-09 10:33:23 [DEBUG] [] Config [test_url] = [https://xpayclient.lgdacom.net:7443/xpay/Gateway.do]
2017-08-09 10:33:23 [DEBUG] [] Config [aux_url] = [http://xpayclient.lgdacom.net:7080/xpay/Gateway.do]
2017-08-09 10:33:23 [FATAL] [] Key for MID [tlgdacomxpay] does not exist in mall.conf
2017-08-09 10:33:24 [INFO ] [] XPayClient initialize [./lgdacom] [test]
2017-08-09 10:33:24 [DEBUG] [] Config [server_id] = [01]
2017-08-09 10:33:24 [DEBUG] [] Config [timeout] = [60]
2017-08-09 10:33:24 [DEBUG] [] Config [log_level] = [4]
2017-08-09 10:33:24 [DEBUG] [] Config [verify_cert] = [1]
2017-08-09 10:33:24 [DEBUG] [] Config [verify_host] = [1]
2017-08-09 10:33:24 [DEBUG] [] Config [report_error] = [1]
2017-08-09 10:33:24 [DEBUG] [] Config [output_UTF8] = [0]
2017-08-09 10:33:24 [DEBUG] [] Config [auto_rollback] = [1]
2017-08-09 10:33:24 [DEBUG] [] Config [log_dir] = [./log]
2017-08-09 10:33:24 [DEBUG] [] Config [tminiver] = [690e08092ca44edaa0d2800e85d66137]
2017-08-09 10:33:24 [DEBUG] [] Config [miniver] = [690e08092ca44edaa0d2800e85d66137]
2017-08-09 10:33:24 [DEBUG] [] Config [url] = [https://xpayclient.lgdacom.net/xpay/Gateway.do]
2017-08-09 10:33:24 [DEBUG] [] Config [test_url] = [https://xpayclient.lgdacom.net:7443/xpay/Gateway.do]
2017-08-09 10:33:24 [DEBUG] [] Config [aux_url] = [http://xpayclient.lgdacom.net:7080/xpay/Gateway.do]
2017-08-09 10:33:24 [FATAL] [] Key for MID [tlgdacomxpay] does not exist in mall.conf
2017-08-09 10:34:43 [INFO ] [] XPayClient initialize [./lgdacom] [test]
2017-08-09 10:34:43 [DEBUG] [] Config [server_id] = [01]
2017-08-09 10:34:43 [DEBUG] [] Config [timeout] = [60]
2017-08-09 10:34:43 [DEBUG] [] Config [log_level] = [4]
2017-08-09 10:34:43 [DEBUG] [] Config [verify_cert] = [1]
2017-08-09 10:34:43 [DEBUG] [] Config [verify_host] = [1]
2017-08-09 10:34:43 [DEBUG] [] Config [report_error] = [1]
2017-08-09 10:34:43 [DEBUG] [] Config [output_UTF8] = [0]
2017-08-09 10:34:43 [DEBUG] [] Config [auto_rollback] = [1]
2017-08-09 10:34:43 [DEBUG] [] Config [log_dir] = [./log]
2017-08-09 10:34:43 [DEBUG] [] Config [tminiver] = [690e08092ca44edaa0d2800e85d66137]
2017-08-09 10:34:43 [DEBUG] [] Config [miniver] = [690e08092ca44edaa0d2800e85d66137]
2017-08-09 10:34:43 [DEBUG] [] Config [url] = [https://xpayclient.lgdacom.net/xpay/Gateway.do]
2017-08-09 10:34:43 [DEBUG] [] Config [test_url] = [https://xpayclient.lgdacom.net:7443/xpay/Gateway.do]
2017-08-09 10:34:43 [DEBUG] [] Config [aux_url] = [http://xpayclient.lgdacom.net:7080/xpay/Gateway.do]
2017-08-09 10:34:43 [FATAL] [] Key for MID [tlgdacomxpay] does not exist in mall.conf
2017-08-09 10:35:57 [INFO ] [] XPayClient initialize [./lgdacom] [test]
2017-08-09 10:35:57 [DEBUG] [] Config [server_id] = [01]
2017-08-09 10:35:57 [DEBUG] [] Config [timeout] = [60]
2017-08-09 10:35:57 [DEBUG] [] Config [log_level] = [4]
2017-08-09 10:35:57 [DEBUG] [] Config [verify_cert] = [1]
2017-08-09 10:35:57 [DEBUG] [] Config [verify_host] = [1]
2017-08-09 10:35:57 [DEBUG] [] Config [report_error] = [1]
2017-08-09 10:35:57 [DEBUG] [] Config [output_UTF8] = [0]
2017-08-09 10:35:57 [DEBUG] [] Config [auto_rollback] = [1]
2017-08-09 10:35:57 [DEBUG] [] Config [log_dir] = [./log]
2017-08-09 10:35:57 [DEBUG] [] Config [tminiver] = [690e08092ca44edaa0d2800e85d66137]
2017-08-09 10:35:57 [DEBUG] [] Config [miniver] = [690e08092ca44edaa0d2800e85d66137]
2017-08-09 10:35:57 [DEBUG] [] Config [url] = [https://xpayclient.lgdacom.net/xpay/Gateway.do]
2017-08-09 10:35:57 [DEBUG] [] Config [test_url] = [https://xpayclient.lgdacom.net:7443/xpay/Gateway.do]
2017-08-09 10:35:57 [DEBUG] [] Config [aux_url] = [http://xpayclient.lgdacom.net:7080/xpay/Gateway.do]
2017-08-09 10:35:57 [FATAL] [] Key for MID [tlgdacomxpay] does not exist in mall.conf
2017-08-09 10:35:57 [INFO ] [] XPayClient initialize [./lgdacom] [test]
2017-08-09 10:35:57 [DEBUG] [] Config [server_id] = [01]
2017-08-09 10:35:57 [DEBUG] [] Config [timeout] = [60]
2017-08-09 10:35:57 [DEBUG] [] Config [log_level] = [4]
2017-08-09 10:35:57 [DEBUG] [] Config [verify_cert] = [1]
2017-08-09 10:35:57 [DEBUG] [] Config [verify_host] = [1]
2017-08-09 10:35:57 [DEBUG] [] Config [report_error] = [1]
2017-08-09 10:35:57 [DEBUG] [] Config [output_UTF8] = [0]
2017-08-09 10:35:57 [DEBUG] [] Config [auto_rollback] = [1]
2017-08-09 10:35:57 [DEBUG] [] Config [log_dir] = [./log]
2017-08-09 10:35:57 [DEBUG] [] Config [tminiver] = [690e08092ca44edaa0d2800e85d66137]
2017-08-09 10:35:57 [DEBUG] [] Config [miniver] = [690e08092ca44edaa0d2800e85d66137]
2017-08-09 10:35:57 [DEBUG] [] Config [url] = [https://xpayclient.lgdacom.net/xpay/Gateway.do]
2017-08-09 10:35:57 [DEBUG] [] Config [test_url] = [https://xpayclient.lgdacom.net:7443/xpay/Gateway.do]
2017-08-09 10:35:57 [DEBUG] [] Config [aux_url] = [http://xpayclient.lgdacom.net:7080/xpay/Gateway.do]
2017-08-09 10:35:57 [FATAL] [] Key for MID [tlgdacomxpay] does not exist in mall.conf
2017-08-09 10:36:00 [INFO ] [] XPayClient initialize [./lgdacom] [test]
2017-08-09 10:36:00 [DEBUG] [] Config [server_id] = [01]
2017-08-09 10:36:00 [DEBUG] [] Config [timeout] = [60]
2017-08-09 10:36:00 [DEBUG] [] Config [log_level] = [4]
2017-08-09 10:36:00 [DEBUG] [] Config [verify_cert] = [1]
2017-08-09 10:36:00 [DEBUG] [] Config [verify_host] = [1]
2017-08-09 10:36:00 [DEBUG] [] Config [report_error] = [1]
2017-08-09 10:36:00 [DEBUG] [] Config [output_UTF8] = [0]
2017-08-09 10:36:00 [DEBUG] [] Config [auto_rollback] = [1]
2017-08-09 10:36:00 [DEBUG] [] Config [log_dir] = [./log]
2017-08-09 10:36:00 [DEBUG] [] Config [tminiver] = [690e08092ca44edaa0d2800e85d66137]
2017-08-09 10:36:00 [DEBUG] [] Config [miniver] = [690e08092ca44edaa0d2800e85d66137]
2017-08-09 10:36:00 [DEBUG] [] Config [url] = [https://xpayclient.lgdacom.net/xpay/Gateway.do]
2017-08-09 10:36:00 [DEBUG] [] Config [test_url] = [https://xpayclient.lgdacom.net:7443/xpay/Gateway.do]
2017-08-09 10:36:00 [DEBUG] [] Config [aux_url] = [http://xpayclient.lgdacom.net:7080/xpay/Gateway.do]
2017-08-09 10:36:00 [FATAL] [] Key for MID [tlgdacomxpay] does not exist in mall.conf
2017-08-09 10:38:11 [INFO ] [] XPayClient initialize [./lgdacom] []
2017-08-09 10:38:11 [DEBUG] [] Config [server_id] = [01]
2017-08-09 10:38:11 [DEBUG] [] Config [timeout] = [60]
2017-08-09 10:38:11 [DEBUG] [] Config [log_level] = [4]
2017-08-09 10:38:11 [DEBUG] [] Config [verify_cert] = [1]
2017-08-09 10:38:11 [DEBUG] [] Config [verify_host] = [1]
2017-08-09 10:38:11 [DEBUG] [] Config [report_error] = [1]
2017-08-09 10:38:11 [DEBUG] [] Config [output_UTF8] = [0]
2017-08-09 10:38:11 [DEBUG] [] Config [auto_rollback] = [1]
2017-08-09 10:38:11 [DEBUG] [] Config [log_dir] = [./log]
2017-08-09 10:38:11 [DEBUG] [] Config [tminiver] = [690e08092ca44edaa0d2800e85d66137]
2017-08-09 10:38:11 [DEBUG] [] Config [miniver] = [690e08092ca44edaa0d2800e85d66137]
2017-08-09 10:38:11 [DEBUG] [] Config [url] = [https://xpayclient.lgdacom.net/xpay/Gateway.do]
2017-08-09 10:38:11 [DEBUG] [] Config [test_url] = [https://xpayclient.lgdacom.net:7443/xpay/Gateway.do]
2017-08-09 10:38:11 [DEBUG] [] Config [aux_url] = [http://xpayclient.lgdacom.net:7080/xpay/Gateway.do]
2017-08-09 10:38:11 [FATAL] [] Key for MID [] does not exist in mall.conf
2017-08-09 10:38:15 [INFO ] [] XPayClient initialize [./lgdacom] []
2017-08-09 10:38:15 [DEBUG] [] Config [server_id] = [01]
2017-08-09 10:38:15 [DEBUG] [] Config [timeout] = [60]
2017-08-09 10:38:15 [DEBUG] [] Config [log_level] = [4]
2017-08-09 10:38:15 [DEBUG] [] Config [verify_cert] = [1]
2017-08-09 10:38:15 [DEBUG] [] Config [verify_host] = [1]
2017-08-09 10:38:15 [DEBUG] [] Config [report_error] = [1]
2017-08-09 10:38:15 [DEBUG] [] Config [output_UTF8] = [0]
2017-08-09 10:38:15 [DEBUG] [] Config [auto_rollback] = [1]
2017-08-09 10:38:15 [DEBUG] [] Config [log_dir] = [./log]
2017-08-09 10:38:15 [DEBUG] [] Config [tminiver] = [690e08092ca44edaa0d2800e85d66137]
2017-08-09 10:38:15 [DEBUG] [] Config [miniver] = [690e08092ca44edaa0d2800e85d66137]
2017-08-09 10:38:15 [DEBUG] [] Config [url] = [https://xpayclient.lgdacom.net/xpay/Gateway.do]
2017-08-09 10:38:15 [DEBUG] [] Config [test_url] = [https://xpayclient.lgdacom.net:7443/xpay/Gateway.do]
2017-08-09 10:38:15 [DEBUG] [] Config [aux_url] = [http://xpayclient.lgdacom.net:7080/xpay/Gateway.do]
2017-08-09 10:38:15 [FATAL] [] Key for MID [] does not exist in mall.conf
2017-08-09 10:40:33 [INFO ] [] XPayClient initialize [./lgdacom] [test]
2017-08-09 10:40:33 [DEBUG] [] Config [server_id] = [01]
2017-08-09 10:40:33 [DEBUG] [] Config [timeout] = [60]
2017-08-09 10:40:33 [DEBUG] [] Config [log_level] = [4]
2017-08-09 10:40:33 [DEBUG] [] Config [verify_cert] = [1]
2017-08-09 10:40:33 [DEBUG] [] Config [verify_host] = [1]
2017-08-09 10:40:33 [DEBUG] [] Config [report_error] = [1]
2017-08-09 10:40:33 [DEBUG] [] Config [output_UTF8] = [0]
2017-08-09 10:40:33 [DEBUG] [] Config [auto_rollback] = [1]
2017-08-09 10:40:33 [DEBUG] [] Config [log_dir] = [./log]
2017-08-09 10:40:33 [DEBUG] [] Config [tminiver] = [690e08092ca44edaa0d2800e85d66137]
2017-08-09 10:40:33 [DEBUG] [] Config [miniver] = [690e08092ca44edaa0d2800e85d66137]
2017-08-09 10:40:33 [DEBUG] [] Config [url] = [https://xpayclient.lgdacom.net/xpay/Gateway.do]
2017-08-09 10:40:33 [DEBUG] [] Config [test_url] = [https://xpayclient.lgdacom.net:7443/xpay/Gateway.do]
2017-08-09 10:40:33 [DEBUG] [] Config [aux_url] = [http://xpayclient.lgdacom.net:7080/xpay/Gateway.do]
2017-08-09 10:52:32 [INFO ] [] XPayClient initialize [./lgdacom] [test]
2017-08-09 10:52:32 [DEBUG] [] Config [server_id] = [01]
2017-08-09 10:52:32 [DEBUG] [] Config [timeout] = [60]
2017-08-09 10:52:32 [DEBUG] [] Config [log_level] = [4]
2017-08-09 10:52:32 [DEBUG] [] Config [verify_cert] = [1]
2017-08-09 10:52:32 [DEBUG] [] Config [verify_host] = [1]
2017-08-09 10:52:32 [DEBUG] [] Config [report_error] = [1]
2017-08-09 10:52:32 [DEBUG] [] Config [output_UTF8] = [0]
2017-08-09 10:52:32 [DEBUG] [] Config [auto_rollback] = [1]
2017-08-09 10:52:32 [DEBUG] [] Config [log_dir] = [./log]
2017-08-09 10:52:32 [DEBUG] [] Config [tminiver] = [690e08092ca44edaa0d2800e85d66137]
2017-08-09 10:52:32 [DEBUG] [] Config [miniver] = [690e08092ca44edaa0d2800e85d66137]
2017-08-09 10:52:32 [DEBUG] [] Config [url] = [https://xpayclient.lgdacom.net/xpay/Gateway.do]
2017-08-09 10:52:32 [DEBUG] [] Config [test_url] = [https://xpayclient.lgdacom.net:7443/xpay/Gateway.do]
2017-08-09 10:52:32 [DEBUG] [] Config [aux_url] = [http://xpayclient.lgdacom.net:7080/xpay/Gateway.do]
2017-08-09 11:05:40 [INFO ] [] XPayClient initialize [./lgdacom] [test]
2017-08-09 11:05:40 [DEBUG] [] Config [server_id] = [01]
2017-08-09 11:05:40 [DEBUG] [] Config [timeout] = [60]
2017-08-09 11:05:40 [DEBUG] [] Config [log_level] = [4]
2017-08-09 11:05:40 [DEBUG] [] Config [verify_cert] = [1]
2017-08-09 11:05:40 [DEBUG] [] Config [verify_host] = [1]
2017-08-09 11:05:40 [DEBUG] [] Config [report_error] = [1]
2017-08-09 11:05:40 [DEBUG] [] Config [output_UTF8] = [0]
2017-08-09 11:05:40 [DEBUG] [] Config [auto_rollback] = [1]
2017-08-09 11:05:40 [DEBUG] [] Config [log_dir] = [./log]
2017-08-09 11:05:40 [DEBUG] [] Config [tminiver] = [690e08092ca44edaa0d2800e85d66137]
2017-08-09 11:05:40 [DEBUG] [] Config [miniver] = [690e08092ca44edaa0d2800e85d66137]
2017-08-09 11:05:40 [DEBUG] [] Config [url] = [https://xpayclient.lgdacom.net/xpay/Gateway.do]
2017-08-09 11:05:40 [DEBUG] [] Config [test_url] = [https://xpayclient.lgdacom.net:7443/xpay/Gateway.do]
2017-08-09 11:05:40 [DEBUG] [] Config [aux_url] = [http://xpayclient.lgdacom.net:7080/xpay/Gateway.do]
2017-08-09 11:14:21 [INFO ] [] XPayClient initialize [./lgdacom] [test]
2017-08-09 11:14:21 [DEBUG] [] Config [server_id] = [01]
2017-08-09 11:14:21 [DEBUG] [] Config [timeout] = [60]
2017-08-09 11:14:21 [DEBUG] [] Config [log_level] = [4]
2017-08-09 11:14:21 [DEBUG] [] Config [verify_cert] = [1]
2017-08-09 11:14:21 [DEBUG] [] Config [verify_host] = [1]
2017-08-09 11:14:21 [DEBUG] [] Config [report_error] = [1]
2017-08-09 11:14:21 [DEBUG] [] Config [output_UTF8] = [0]
2017-08-09 11:14:21 [DEBUG] [] Config [auto_rollback] = [1]
2017-08-09 11:14:21 [DEBUG] [] Config [log_dir] = [./log]
2017-08-09 11:14:21 [DEBUG] [] Config [tminiver] = [690e08092ca44edaa0d2800e85d66137]
2017-08-09 11:14:21 [DEBUG] [] Config [miniver] = [690e08092ca44edaa0d2800e85d66137]
2017-08-09 11:14:21 [DEBUG] [] Config [url] = [https://xpayclient.lgdacom.net/xpay/Gateway.do]
2017-08-09 11:14:21 [DEBUG] [] Config [test_url] = [https://xpayclient.lgdacom.net:7443/xpay/Gateway.do]
2017-08-09 11:14:21 [DEBUG] [] Config [aux_url] = [http://xpayclient.lgdacom.net:7080/xpay/Gateway.do]
2017-08-09 11:25:10 [INFO ] [] XPayClient initialize [./lgdacom] [test]
2017-08-09 11:25:10 [DEBUG] [] Config [server_id] = [01]
2017-08-09 11:25:10 [DEBUG] [] Config [timeout] = [60]
2017-08-09 11:25:10 [DEBUG] [] Config [log_level] = [4]
2017-08-09 11:25:10 [DEBUG] [] Config [verify_cert] = [1]
2017-08-09 11:25:10 [DEBUG] [] Config [verify_host] = [1]
2017-08-09 11:25:10 [DEBUG] [] Config [report_error] = [1]
2017-08-09 11:25:10 [DEBUG] [] Config [output_UTF8] = [0]
2017-08-09 11:25:10 [DEBUG] [] Config [auto_rollback] = [1]
2017-08-09 11:25:10 [DEBUG] [] Config [log_dir] = [./log]
2017-08-09 11:25:10 [DEBUG] [] Config [tminiver] = [690e08092ca44edaa0d2800e85d66137]
2017-08-09 11:25:10 [DEBUG] [] Config [miniver] = [690e08092ca44edaa0d2800e85d66137]
2017-08-09 11:25:10 [DEBUG] [] Config [url] = [https://xpayclient.lgdacom.net/xpay/Gateway.do]
2017-08-09 11:25:10 [DEBUG] [] Config [test_url] = [https://xpayclient.lgdacom.net:7443/xpay/Gateway.do]
2017-08-09 11:25:10 [DEBUG] [] Config [aux_url] = [http://xpayclient.lgdacom.net:7080/xpay/Gateway.do]
2017-08-09 11:27:51 [INFO ] [] XPayClient initialize [./lgdacom] [test]
2017-08-09 11:27:51 [DEBUG] [] Config [server_id] = [01]
2017-08-09 11:27:51 [DEBUG] [] Config [timeout] = [60]
2017-08-09 11:27:51 [DEBUG] [] Config [log_level] = [4]
2017-08-09 11:27:51 [DEBUG] [] Config [verify_cert] = [1]
2017-08-09 11:27:51 [DEBUG] [] Config [verify_host] = [1]
2017-08-09 11:27:51 [DEBUG] [] Config [report_error] = [1]
2017-08-09 11:27:51 [DEBUG] [] Config [output_UTF8] = [0]
2017-08-09 11:27:51 [DEBUG] [] Config [auto_rollback] = [1]
2017-08-09 11:27:51 [DEBUG] [] Config [log_dir] = [./log]
2017-08-09 11:27:51 [DEBUG] [] Config [tminiver] = [690e08092ca44edaa0d2800e85d66137]
2017-08-09 11:27:51 [DEBUG] [] Config [miniver] = [690e08092ca44edaa0d2800e85d66137]
2017-08-09 11:27:51 [DEBUG] [] Config [url] = [https://xpayclient.lgdacom.net/xpay/Gateway.do]
2017-08-09 11:27:51 [DEBUG] [] Config [test_url] = [https://xpayclient.lgdacom.net:7443/xpay/Gateway.do]
2017-08-09 11:27:51 [DEBUG] [] Config [aux_url] = [http://xpayclient.lgdacom.net:7080/xpay/Gateway.do]
2017-08-09 11:29:01 [INFO ] [] XPayClient initialize [./lgdacom] []
2017-08-09 11:29:01 [DEBUG] [] Config [server_id] = [01]
2017-08-09 11:29:01 [DEBUG] [] Config [timeout] = [60]
2017-08-09 11:29:01 [DEBUG] [] Config [log_level] = [4]
2017-08-09 11:29:01 [DEBUG] [] Config [verify_cert] = [1]
2017-08-09 11:29:01 [DEBUG] [] Config [verify_host] = [1]
2017-08-09 11:29:01 [DEBUG] [] Config [report_error] = [1]
2017-08-09 11:29:01 [DEBUG] [] Config [output_UTF8] = [0]
2017-08-09 11:29:01 [DEBUG] [] Config [auto_rollback] = [1]
2017-08-09 11:29:01 [DEBUG] [] Config [log_dir] = [./log]
2017-08-09 11:29:01 [DEBUG] [] Config [tminiver] = [690e08092ca44edaa0d2800e85d66137]
2017-08-09 11:29:01 [DEBUG] [] Config [miniver] = [690e08092ca44edaa0d2800e85d66137]
2017-08-09 11:29:01 [DEBUG] [] Config [url] = [https://xpayclient.lgdacom.net/xpay/Gateway.do]
2017-08-09 11:29:01 [DEBUG] [] Config [test_url] = [https://xpayclient.lgdacom.net:7443/xpay/Gateway.do]
2017-08-09 11:29:01 [DEBUG] [] Config [aux_url] = [http://xpayclient.lgdacom.net:7080/xpay/Gateway.do]
2017-08-09 11:29:01 [FATAL] [] Key for MID [] does not exist in mall.conf
2017-08-09 11:29:09 [INFO ] [] XPayClient initialize [./lgdacom] []
2017-08-09 11:29:09 [DEBUG] [] Config [server_id] = [01]
2017-08-09 11:29:09 [DEBUG] [] Config [timeout] = [60]
2017-08-09 11:29:09 [DEBUG] [] Config [log_level] = [4]
2017-08-09 11:29:09 [DEBUG] [] Config [verify_cert] = [1]
2017-08-09 11:29:09 [DEBUG] [] Config [verify_host] = [1]
2017-08-09 11:29:09 [DEBUG] [] Config [report_error] = [1]
2017-08-09 11:29:09 [DEBUG] [] Config [output_UTF8] = [0]
2017-08-09 11:29:09 [DEBUG] [] Config [auto_rollback] = [1]
2017-08-09 11:29:09 [DEBUG] [] Config [log_dir] = [./log]
2017-08-09 11:29:09 [DEBUG] [] Config [tminiver] = [690e08092ca44edaa0d2800e85d66137]
2017-08-09 11:29:09 [DEBUG] [] Config [miniver] = [690e08092ca44edaa0d2800e85d66137]
2017-08-09 11:29:09 [DEBUG] [] Config [url] = [https://xpayclient.lgdacom.net/xpay/Gateway.do]
2017-08-09 11:29:09 [DEBUG] [] Config [test_url] = [https://xpayclient.lgdacom.net:7443/xpay/Gateway.do]
2017-08-09 11:29:09 [DEBUG] [] Config [aux_url] = [http://xpayclient.lgdacom.net:7080/xpay/Gateway.do]
2017-08-09 11:29:09 [FATAL] [] Key for MID [] does not exist in mall.conf
2017-08-09 11:30:18 [INFO ] [] XPayClient initialize [./lgdacom] []
2017-08-09 11:30:18 [DEBUG] [] Config [server_id] = [01]
2017-08-09 11:30:18 [DEBUG] [] Config [timeout] = [60]
2017-08-09 11:30:18 [DEBUG] [] Config [log_level] = [4]
2017-08-09 11:30:18 [DEBUG] [] Config [verify_cert] = [1]
2017-08-09 11:30:18 [DEBUG] [] Config [verify_host] = [1]
2017-08-09 11:30:18 [DEBUG] [] Config [report_error] = [1]
2017-08-09 11:30:18 [DEBUG] [] Config [output_UTF8] = [1]
2017-08-09 11:30:18 [DEBUG] [] Config [auto_rollback] = [1]
2017-08-09 11:30:18 [DEBUG] [] Config [log_dir] = [./log]
2017-08-09 11:30:18 [DEBUG] [] Config [tminiver] = [690e08092ca44edaa0d2800e85d66137]
2017-08-09 11:30:18 [DEBUG] [] Config [miniver] = [690e08092ca44edaa0d2800e85d66137]
2017-08-09 11:30:18 [DEBUG] [] Config [url] = [https://xpayclient.lgdacom.net/xpay/Gateway.do]
2017-08-09 11:30:18 [DEBUG] [] Config [test_url] = [https://xpayclient.lgdacom.net:7443/xpay/Gateway.do]
2017-08-09 11:30:18 [DEBUG] [] Config [aux_url] = [http://xpayclient.lgdacom.net:7080/xpay/Gateway.do]
2017-08-09 11:30:18 [FATAL] [] Key for MID [] does not exist in mall.conf
2017-08-09 11:30:20 [INFO ] [] XPayClient initialize [./lgdacom] []
2017-08-09 11:30:20 [DEBUG] [] Config [server_id] = [01]
2017-08-09 11:30:20 [DEBUG] [] Config [timeout] = [60]
2017-08-09 11:30:20 [DEBUG] [] Config [log_level] = [4]
2017-08-09 11:30:20 [DEBUG] [] Config [verify_cert] = [1]
2017-08-09 11:30:20 [DEBUG] [] Config [verify_host] = [1]
2017-08-09 11:30:20 [DEBUG] [] Config [report_error] = [1]
2017-08-09 11:30:20 [DEBUG] [] Config [output_UTF8] = [1]
2017-08-09 11:30:20 [DEBUG] [] Config [auto_rollback] = [1]
2017-08-09 11:30:20 [DEBUG] [] Config [log_dir] = [./log]
2017-08-09 11:30:20 [DEBUG] [] Config [tminiver] = [690e08092ca44edaa0d2800e85d66137]
2017-08-09 11:30:20 [DEBUG] [] Config [miniver] = [690e08092ca44edaa0d2800e85d66137]
2017-08-09 11:30:20 [DEBUG] [] Config [url] = [https://xpayclient.lgdacom.net/xpay/Gateway.do]
2017-08-09 11:30:20 [DEBUG] [] Config [test_url] = [https://xpayclient.lgdacom.net:7443/xpay/Gateway.do]
2017-08-09 11:30:20 [DEBUG] [] Config [aux_url] = [http://xpayclient.lgdacom.net:7080/xpay/Gateway.do]
2017-08-09 11:30:20 [FATAL] [] Key for MID [] does not exist in mall.conf
2017-08-09 11:30:23 [INFO ] [] XPayClient initialize [./lgdacom] []
2017-08-09 11:30:23 [DEBUG] [] Config [server_id] = [01]
2017-08-09 11:30:23 [DEBUG] [] Config [timeout] = [60]
2017-08-09 11:30:23 [DEBUG] [] Config [log_level] = [4]
2017-08-09 11:30:23 [DEBUG] [] Config [verify_cert] = [1]
2017-08-09 11:30:23 [DEBUG] [] Config [verify_host] = [1]
2017-08-09 11:30:23 [DEBUG] [] Config [report_error] = [1]
2017-08-09 11:30:23 [DEBUG] [] Config [output_UTF8] = [1]
2017-08-09 11:30:23 [DEBUG] [] Config [auto_rollback] = [1]
2017-08-09 11:30:23 [DEBUG] [] Config [log_dir] = [./log]
2017-08-09 11:30:23 [DEBUG] [] Config [tminiver] = [690e08092ca44edaa0d2800e85d66137]
2017-08-09 11:30:23 [DEBUG] [] Config [miniver] = [690e08092ca44edaa0d2800e85d66137]
2017-08-09 11:30:23 [DEBUG] [] Config [url] = [https://xpayclient.lgdacom.net/xpay/Gateway.do]
2017-08-09 11:30:23 [DEBUG] [] Config [test_url] = [https://xpayclient.lgdacom.net:7443/xpay/Gateway.do]
2017-08-09 11:30:23 [DEBUG] [] Config [aux_url] = [http://xpayclient.lgdacom.net:7080/xpay/Gateway.do]
2017-08-09 11:30:23 [FATAL] [] Key for MID [] does not exist in mall.conf
2017-08-09 11:30:25 [INFO ] [] XPayClient initialize [./lgdacom] [test]
2017-08-09 11:30:25 [DEBUG] [] Config [server_id] = [01]
2017-08-09 11:30:25 [DEBUG] [] Config [timeout] = [60]
2017-08-09 11:30:25 [DEBUG] [] Config [log_level] = [4]
2017-08-09 11:30:25 [DEBUG] [] Config [verify_cert] = [1]
2017-08-09 11:30:25 [DEBUG] [] Config [verify_host] = [1]
2017-08-09 11:30:25 [DEBUG] [] Config [report_error] = [1]
2017-08-09 11:30:25 [DEBUG] [] Config [output_UTF8] = [1]
2017-08-09 11:30:25 [DEBUG] [] Config [auto_rollback] = [1]
2017-08-09 11:30:25 [DEBUG] [] Config [log_dir] = [./log]
2017-08-09 11:30:25 [DEBUG] [] Config [tminiver] = [690e08092ca44edaa0d2800e85d66137]
2017-08-09 11:30:25 [DEBUG] [] Config [miniver] = [690e08092ca44edaa0d2800e85d66137]
2017-08-09 11:30:25 [DEBUG] [] Config [url] = [https://xpayclient.lgdacom.net/xpay/Gateway.do]
2017-08-09 11:30:25 [DEBUG] [] Config [test_url] = [https://xpayclient.lgdacom.net:7443/xpay/Gateway.do]
2017-08-09 11:30:25 [DEBUG] [] Config [aux_url] = [http://xpayclient.lgdacom.net:7080/xpay/Gateway.do]
2017-08-09 11:30:26 [INFO ] [] XPayClient initialize [./lgdacom] [test]
2017-08-09 11:30:26 [DEBUG] [] Config [server_id] = [01]
2017-08-09 11:30:26 [DEBUG] [] Config [timeout] = [60]
2017-08-09 11:30:26 [DEBUG] [] Config [log_level] = [4]
2017-08-09 11:30:26 [DEBUG] [] Config [verify_cert] = [1]
2017-08-09 11:30:26 [DEBUG] [] Config [verify_host] = [1]
2017-08-09 11:30:26 [DEBUG] [] Config [report_error] = [1]
2017-08-09 11:30:26 [DEBUG] [] Config [output_UTF8] = [1]
2017-08-09 11:30:26 [DEBUG] [] Config [auto_rollback] = [1]
2017-08-09 11:30:26 [DEBUG] [] Config [log_dir] = [./log]
2017-08-09 11:30:26 [DEBUG] [] Config [tminiver] = [690e08092ca44edaa0d2800e85d66137]
2017-08-09 11:30:26 [DEBUG] [] Config [miniver] = [690e08092ca44edaa0d2800e85d66137]
2017-08-09 11:30:26 [DEBUG] [] Config [url] = [https://xpayclient.lgdacom.net/xpay/Gateway.do]
2017-08-09 11:30:26 [DEBUG] [] Config [test_url] = [https://xpayclient.lgdacom.net:7443/xpay/Gateway.do]
2017-08-09 11:30:26 [DEBUG] [] Config [aux_url] = [http://xpayclient.lgdacom.net:7080/xpay/Gateway.do]
2017-08-09 11:43:46 [INFO ] [] XPayClient initialize [./lgdacom] [test]
2017-08-09 11:43:46 [DEBUG] [] Config [server_id] = [01]
2017-08-09 11:43:46 [DEBUG] [] Config [timeout] = [60]
2017-08-09 11:43:46 [DEBUG] [] Config [log_level] = [4]
2017-08-09 11:43:46 [DEBUG] [] Config [verify_cert] = [1]
2017-08-09 11:43:46 [DEBUG] [] Config [verify_host] = [1]
2017-08-09 11:43:46 [DEBUG] [] Config [report_error] = [1]
2017-08-09 11:43:46 [DEBUG] [] Config [output_UTF8] = [0]
2017-08-09 11:43:46 [DEBUG] [] Config [auto_rollback] = [1]
2017-08-09 11:43:46 [DEBUG] [] Config [log_dir] = [./log]
2017-08-09 11:43:46 [DEBUG] [] Config [tminiver] = [690e08092ca44edaa0d2800e85d66137]
2017-08-09 11:43:46 [DEBUG] [] Config [miniver] = [690e08092ca44edaa0d2800e85d66137]
2017-08-09 11:43:46 [DEBUG] [] Config [url] = [https://xpayclient.lgdacom.net/xpay/Gateway.do]
2017-08-09 11:43:46 [DEBUG] [] Config [test_url] = [https://xpayclient.lgdacom.net:7443/xpay/Gateway.do]
2017-08-09 11:43:46 [DEBUG] [] Config [aux_url] = [http://xpayclient.lgdacom.net:7080/xpay/Gateway.do]
2017-08-09 11:43:48 [INFO ] [] XPayClient initialize [./lgdacom] [test]
2017-08-09 11:43:48 [DEBUG] [] Config [server_id] = [01]
2017-08-09 11:43:48 [DEBUG] [] Config [timeout] = [60]
2017-08-09 11:43:48 [DEBUG] [] Config [log_level] = [4]
2017-08-09 11:43:48 [DEBUG] [] Config [verify_cert] = [1]
2017-08-09 11:43:48 [DEBUG] [] Config [verify_host] = [1]
2017-08-09 11:43:48 [DEBUG] [] Config [report_error] = [1]
2017-08-09 11:43:48 [DEBUG] [] Config [output_UTF8] = [0]
2017-08-09 11:43:48 [DEBUG] [] Config [auto_rollback] = [1]
2017-08-09 11:43:48 [DEBUG] [] Config [log_dir] = [./log]
2017-08-09 11:43:48 [DEBUG] [] Config [tminiver] = [690e08092ca44edaa0d2800e85d66137]
2017-08-09 11:43:48 [DEBUG] [] Config [miniver] = [690e08092ca44edaa0d2800e85d66137]
2017-08-09 11:43:48 [DEBUG] [] Config [url] = [https://xpayclient.lgdacom.net/xpay/Gateway.do]
2017-08-09 11:43:48 [DEBUG] [] Config [test_url] = [https://xpayclient.lgdacom.net:7443/xpay/Gateway.do]
2017-08-09 11:43:48 [DEBUG] [] Config [aux_url] = [http://xpayclient.lgdacom.net:7080/xpay/Gateway.do]
2017-08-09 11:54:30 [INFO ] [] XPayClient initialize [./lgdacom] [test]
2017-08-09 11:54:30 [DEBUG] [] Config [server_id] = [01]
2017-08-09 11:54:30 [DEBUG] [] Config [timeout] = [60]
2017-08-09 11:54:30 [DEBUG] [] Config [log_level] = [4]
2017-08-09 11:54:30 [DEBUG] [] Config [verify_cert] = [1]
2017-08-09 11:54:30 [DEBUG] [] Config [verify_host] = [1]
2017-08-09 11:54:30 [DEBUG] [] Config [report_error] = [1]
2017-08-09 11:54:30 [DEBUG] [] Config [output_UTF8] = [0]
2017-08-09 11:54:30 [DEBUG] [] Config [auto_rollback] = [1]
2017-08-09 11:54:30 [DEBUG] [] Config [log_dir] = [./log]
2017-08-09 11:54:30 [DEBUG] [] Config [tminiver] = [690e08092ca44edaa0d2800e85d66137]
2017-08-09 11:54:30 [DEBUG] [] Config [miniver] = [690e08092ca44edaa0d2800e85d66137]
2017-08-09 11:54:30 [DEBUG] [] Config [url] = [https://xpayclient.lgdacom.net/xpay/Gateway.do]
2017-08-09 11:54:30 [DEBUG] [] Config [test_url] = [https://xpayclient.lgdacom.net:7443/xpay/Gateway.do]
2017-08-09 11:54:30 [DEBUG] [] Config [aux_url] = [http://xpayclient.lgdacom.net:7080/xpay/Gateway.do]
2017-08-09 11:54:32 [INFO ] [] XPayClient initialize [./lgdacom] [test]
2017-08-09 11:54:32 [DEBUG] [] Config [server_id] = [01]
2017-08-09 11:54:32 [DEBUG] [] Config [timeout] = [60]
2017-08-09 11:54:32 [DEBUG] [] Config [log_level] = [4]
2017-08-09 11:54:32 [DEBUG] [] Config [verify_cert] = [1]
2017-08-09 11:54:32 [DEBUG] [] Config [verify_host] = [1]
2017-08-09 11:54:32 [DEBUG] [] Config [report_error] = [1]
2017-08-09 11:54:32 [DEBUG] [] Config [output_UTF8] = [0]
2017-08-09 11:54:32 [DEBUG] [] Config [auto_rollback] = [1]
2017-08-09 11:54:32 [DEBUG] [] Config [log_dir] = [./log]
2017-08-09 11:54:32 [DEBUG] [] Config [tminiver] = [690e08092ca44edaa0d2800e85d66137]
2017-08-09 11:54:32 [DEBUG] [] Config [miniver] = [690e08092ca44edaa0d2800e85d66137]
2017-08-09 11:54:32 [DEBUG] [] Config [url] = [https://xpayclient.lgdacom.net/xpay/Gateway.do]
2017-08-09 11:54:32 [DEBUG] [] Config [test_url] = [https://xpayclient.lgdacom.net:7443/xpay/Gateway.do]
2017-08-09 11:54:32 [DEBUG] [] Config [aux_url] = [http://xpayclient.lgdacom.net:7080/xpay/Gateway.do]
2017-08-09 11:56:47 [INFO ] [] XPayClient initialize [./lgdacom] [test]
2017-08-09 11:56:47 [DEBUG] [] Config [server_id] = [01]
2017-08-09 11:56:47 [DEBUG] [] Config [timeout] = [60]
2017-08-09 11:56:47 [DEBUG] [] Config [log_level] = [4]
2017-08-09 11:56:47 [DEBUG] [] Config [verify_cert] = [1]
2017-08-09 11:56:47 [DEBUG] [] Config [verify_host] = [1]
2017-08-09 11:56:47 [DEBUG] [] Config [report_error] = [1]
2017-08-09 11:56:47 [DEBUG] [] Config [output_UTF8] = [0]
2017-08-09 11:56:47 [DEBUG] [] Config [auto_rollback] = [1]
2017-08-09 11:56:47 [DEBUG] [] Config [log_dir] = [./log]
2017-08-09 11:56:47 [DEBUG] [] Config [tminiver] = [690e08092ca44edaa0d2800e85d66137]
2017-08-09 11:56:47 [DEBUG] [] Config [miniver] = [690e08092ca44edaa0d2800e85d66137]
2017-08-09 11:56:47 [DEBUG] [] Config [url] = [https://xpayclient.lgdacom.net/xpay/Gateway.do]
2017-08-09 11:56:47 [DEBUG] [] Config [test_url] = [https://xpayclient.lgdacom.net:7443/xpay/Gateway.do]
2017-08-09 11:56:47 [DEBUG] [] Config [aux_url] = [http://xpayclient.lgdacom.net:7080/xpay/Gateway.do]
2017-08-09 12:03:50 [INFO ] [] XPayClient initialize [./lgdacom] [test]
2017-08-09 12:03:50 [DEBUG] [] Config [server_id] = [01]
2017-08-09 12:03:50 [DEBUG] [] Config [timeout] = [60]
2017-08-09 12:03:50 [DEBUG] [] Config [log_level] = [4]
2017-08-09 12:03:50 [DEBUG] [] Config [verify_cert] = [1]
2017-08-09 12:03:50 [DEBUG] [] Config [verify_host] = [1]
2017-08-09 12:03:50 [DEBUG] [] Config [report_error] = [1]
2017-08-09 12:03:50 [DEBUG] [] Config [output_UTF8] = [0]
2017-08-09 12:03:50 [DEBUG] [] Config [auto_rollback] = [1]
2017-08-09 12:03:50 [DEBUG] [] Config [log_dir] = [./log]
2017-08-09 12:03:50 [DEBUG] [] Config [tminiver] = [690e08092ca44edaa0d2800e85d66137]
2017-08-09 12:03:50 [DEBUG] [] Config [miniver] = [690e08092ca44edaa0d2800e85d66137]
2017-08-09 12:03:50 [DEBUG] [] Config [url] = [https://xpayclient.lgdacom.net/xpay/Gateway.do]
2017-08-09 12:03:50 [DEBUG] [] Config [test_url] = [https://xpayclient.lgdacom.net:7443/xpay/Gateway.do]
2017-08-09 12:03:50 [DEBUG] [] Config [aux_url] = [http://xpayclient.lgdacom.net:7080/xpay/Gateway.do]
2017-08-09 12:05:12 [INFO ] [] XPayClient initialize [./lgdacom] [test]
2017-08-09 12:05:12 [DEBUG] [] Config [server_id] = [01]
2017-08-09 12:05:12 [DEBUG] [] Config [timeout] = [60]
2017-08-09 12:05:12 [DEBUG] [] Config [log_level] = [4]
2017-08-09 12:05:12 [DEBUG] [] Config [verify_cert] = [1]
2017-08-09 12:05:12 [DEBUG] [] Config [verify_host] = [1]
2017-08-09 12:05:12 [DEBUG] [] Config [report_error] = [1]
2017-08-09 12:05:12 [DEBUG] [] Config [output_UTF8] = [0]
2017-08-09 12:05:12 [DEBUG] [] Config [auto_rollback] = [1]
2017-08-09 12:05:12 [DEBUG] [] Config [log_dir] = [./log]
2017-08-09 12:05:12 [DEBUG] [] Config [tminiver] = [690e08092ca44edaa0d2800e85d66137]
2017-08-09 12:05:12 [DEBUG] [] Config [miniver] = [690e08092ca44edaa0d2800e85d66137]
2017-08-09 12:05:12 [DEBUG] [] Config [url] = [https://xpayclient.lgdacom.net/xpay/Gateway.do]
2017-08-09 12:05:12 [DEBUG] [] Config [test_url] = [https://xpayclient.lgdacom.net:7443/xpay/Gateway.do]
2017-08-09 12:05:12 [DEBUG] [] Config [aux_url] = [http://xpayclient.lgdacom.net:7080/xpay/Gateway.do]
2017-08-09 12:05:13 [INFO ] [] XPayClient initialize [./lgdacom] [test]
2017-08-09 12:05:13 [DEBUG] [] Config [server_id] = [01]
2017-08-09 12:05:13 [DEBUG] [] Config [timeout] = [60]
2017-08-09 12:05:13 [DEBUG] [] Config [log_level] = [4]
2017-08-09 12:05:13 [DEBUG] [] Config [verify_cert] = [1]
2017-08-09 12:05:13 [DEBUG] [] Config [verify_host] = [1]
2017-08-09 12:05:13 [DEBUG] [] Config [report_error] = [1]
2017-08-09 12:05:13 [DEBUG] [] Config [output_UTF8] = [0]
2017-08-09 12:05:13 [DEBUG] [] Config [auto_rollback] = [1]
2017-08-09 12:05:13 [DEBUG] [] Config [log_dir] = [./log]
2017-08-09 12:05:13 [DEBUG] [] Config [tminiver] = [690e08092ca44edaa0d2800e85d66137]
2017-08-09 12:05:13 [DEBUG] [] Config [miniver] = [690e08092ca44edaa0d2800e85d66137]
2017-08-09 12:05:13 [DEBUG] [] Config [url] = [https://xpayclient.lgdacom.net/xpay/Gateway.do]
2017-08-09 12:05:13 [DEBUG] [] Config [test_url] = [https://xpayclient.lgdacom.net:7443/xpay/Gateway.do]
2017-08-09 12:05:13 [DEBUG] [] Config [aux_url] = [http://xpayclient.lgdacom.net:7080/xpay/Gateway.do]
