2017-08-14 03:25:28 [INFO ] [] XPayClient initialize [./lgdacom] [test]
2017-08-14 03:25:28 [DEBUG] [] Config [server_id] = [01]
2017-08-14 03:25:28 [DEBUG] [] Config [timeout] = [60]
2017-08-14 03:25:28 [DEBUG] [] Config [log_level] = [4]
2017-08-14 03:25:28 [DEBUG] [] Config [verify_cert] = [1]
2017-08-14 03:25:28 [DEBUG] [] Config [verify_host] = [1]
2017-08-14 03:25:28 [DEBUG] [] Config [report_error] = [1]
2017-08-14 03:25:28 [DEBUG] [] Config [output_UTF8] = [0]
2017-08-14 03:25:28 [DEBUG] [] Config [auto_rollback] = [1]
2017-08-14 03:25:28 [DEBUG] [] Config [log_dir] = [./log]
2017-08-14 03:25:28 [DEBUG] [] Config [tminiver] = [690e08092ca44edaa0d2800e85d66137]
2017-08-14 03:25:28 [DEBUG] [] Config [miniver] = [690e08092ca44edaa0d2800e85d66137]
2017-08-14 03:25:28 [DEBUG] [] Config [url] = [https://xpayclient.lgdacom.net/xpay/Gateway.do]
2017-08-14 03:25:28 [DEBUG] [] Config [test_url] = [https://xpayclient.lgdacom.net:7443/xpay/Gateway.do]
2017-08-14 03:25:28 [DEBUG] [] Config [aux_url] = [http://xpayclient.lgdacom.net:7080/xpay/Gateway.do]
2017-08-14 04:17:16 [INFO ] [] XPayClient initialize [./lgdacom] [test]
2017-08-14 04:17:16 [DEBUG] [] Config [server_id] = [01]
2017-08-14 04:17:16 [DEBUG] [] Config [timeout] = [60]
2017-08-14 04:17:16 [DEBUG] [] Config [log_level] = [4]
2017-08-14 04:17:16 [DEBUG] [] Config [verify_cert] = [1]
2017-08-14 04:17:16 [DEBUG] [] Config [verify_host] = [1]
2017-08-14 04:17:16 [DEBUG] [] Config [report_error] = [1]
2017-08-14 04:17:16 [DEBUG] [] Config [output_UTF8] = [0]
2017-08-14 04:17:16 [DEBUG] [] Config [auto_rollback] = [1]
2017-08-14 04:17:16 [DEBUG] [] Config [log_dir] = [./log]
2017-08-14 04:17:16 [DEBUG] [] Config [tminiver] = [690e08092ca44edaa0d2800e85d66137]
2017-08-14 04:17:16 [DEBUG] [] Config [miniver] = [690e08092ca44edaa0d2800e85d66137]
2017-08-14 04:17:16 [DEBUG] [] Config [url] = [https://xpayclient.lgdacom.net/xpay/Gateway.do]
2017-08-14 04:17:16 [DEBUG] [] Config [test_url] = [https://xpayclient.lgdacom.net:7443/xpay/Gateway.do]
2017-08-14 04:17:16 [DEBUG] [] Config [aux_url] = [http://xpayclient.lgdacom.net:7080/xpay/Gateway.do]
2017-08-14 04:33:48 [INFO ] [] XPayClient initialize [./lgdacom] [test]
2017-08-14 04:33:48 [DEBUG] [] Config [server_id] = [01]
2017-08-14 04:33:48 [DEBUG] [] Config [timeout] = [60]
2017-08-14 04:33:48 [DEBUG] [] Config [log_level] = [4]
2017-08-14 04:33:48 [DEBUG] [] Config [verify_cert] = [1]
2017-08-14 04:33:48 [DEBUG] [] Config [verify_host] = [1]
2017-08-14 04:33:48 [DEBUG] [] Config [report_error] = [1]
2017-08-14 04:33:48 [DEBUG] [] Config [output_UTF8] = [0]
2017-08-14 04:33:48 [DEBUG] [] Config [auto_rollback] = [1]
2017-08-14 04:33:48 [DEBUG] [] Config [log_dir] = [./log]
2017-08-14 04:33:48 [DEBUG] [] Config [tminiver] = [690e08092ca44edaa0d2800e85d66137]
2017-08-14 04:33:48 [DEBUG] [] Config [miniver] = [690e08092ca44edaa0d2800e85d66137]
2017-08-14 04:33:48 [DEBUG] [] Config [url] = [https://xpayclient.lgdacom.net/xpay/Gateway.do]
2017-08-14 04:33:48 [DEBUG] [] Config [test_url] = [https://xpayclient.lgdacom.net:7443/xpay/Gateway.do]
2017-08-14 04:33:48 [DEBUG] [] Config [aux_url] = [http://xpayclient.lgdacom.net:7080/xpay/Gateway.do]
2017-08-14 04:33:55 [INFO ] [] XPayClient initialize [./lgdacom] [test]
2017-08-14 04:33:55 [DEBUG] [] Config [server_id] = [01]
2017-08-14 04:33:55 [DEBUG] [] Config [timeout] = [60]
2017-08-14 04:33:55 [DEBUG] [] Config [log_level] = [4]
2017-08-14 04:33:55 [DEBUG] [] Config [verify_cert] = [1]
2017-08-14 04:33:55 [DEBUG] [] Config [verify_host] = [1]
2017-08-14 04:33:55 [DEBUG] [] Config [report_error] = [1]
2017-08-14 04:33:55 [DEBUG] [] Config [output_UTF8] = [0]
2017-08-14 04:33:55 [DEBUG] [] Config [auto_rollback] = [1]
2017-08-14 04:33:55 [DEBUG] [] Config [log_dir] = [./log]
2017-08-14 04:33:55 [DEBUG] [] Config [tminiver] = [690e08092ca44edaa0d2800e85d66137]
2017-08-14 04:33:55 [DEBUG] [] Config [miniver] = [690e08092ca44edaa0d2800e85d66137]
2017-08-14 04:33:55 [DEBUG] [] Config [url] = [https://xpayclient.lgdacom.net/xpay/Gateway.do]
2017-08-14 04:33:55 [DEBUG] [] Config [test_url] = [https://xpayclient.lgdacom.net:7443/xpay/Gateway.do]
2017-08-14 04:33:55 [DEBUG] [] Config [aux_url] = [http://xpayclient.lgdacom.net:7080/xpay/Gateway.do]
2017-08-14 04:38:13 [INFO ] [] XPayClient initialize [./lgdacom] [test]
2017-08-14 04:38:13 [DEBUG] [] Config [server_id] = [01]
2017-08-14 04:38:13 [DEBUG] [] Config [timeout] = [60]
2017-08-14 04:38:13 [DEBUG] [] Config [log_level] = [4]
2017-08-14 04:38:13 [DEBUG] [] Config [verify_cert] = [1]
2017-08-14 04:38:13 [DEBUG] [] Config [verify_host] = [1]
2017-08-14 04:38:13 [DEBUG] [] Config [report_error] = [1]
2017-08-14 04:38:13 [DEBUG] [] Config [output_UTF8] = [0]
2017-08-14 04:38:13 [DEBUG] [] Config [auto_rollback] = [1]
2017-08-14 04:38:13 [DEBUG] [] Config [log_dir] = [./log]
2017-08-14 04:38:13 [DEBUG] [] Config [tminiver] = [690e08092ca44edaa0d2800e85d66137]
2017-08-14 04:38:13 [DEBUG] [] Config [miniver] = [690e08092ca44edaa0d2800e85d66137]
2017-08-14 04:38:13 [DEBUG] [] Config [url] = [https://xpayclient.lgdacom.net/xpay/Gateway.do]
2017-08-14 04:38:13 [DEBUG] [] Config [test_url] = [https://xpayclient.lgdacom.net:7443/xpay/Gateway.do]
2017-08-14 04:38:13 [DEBUG] [] Config [aux_url] = [http://xpayclient.lgdacom.net:7080/xpay/Gateway.do]
2017-08-14 04:39:27 [INFO ] [] XPayClient initialize [./lgdacom] []
2017-08-14 04:39:27 [DEBUG] [] Config [server_id] = [01]
2017-08-14 04:39:27 [DEBUG] [] Config [timeout] = [60]
2017-08-14 04:39:27 [DEBUG] [] Config [log_level] = [4]
2017-08-14 04:39:27 [DEBUG] [] Config [verify_cert] = [1]
2017-08-14 04:39:27 [DEBUG] [] Config [verify_host] = [1]
2017-08-14 04:39:27 [DEBUG] [] Config [report_error] = [1]
2017-08-14 04:39:27 [DEBUG] [] Config [output_UTF8] = [0]
2017-08-14 04:39:27 [DEBUG] [] Config [auto_rollback] = [1]
2017-08-14 04:39:27 [DEBUG] [] Config [log_dir] = [./log]
2017-08-14 04:39:27 [DEBUG] [] Config [tminiver] = [690e08092ca44edaa0d2800e85d66137]
2017-08-14 04:39:27 [DEBUG] [] Config [miniver] = [690e08092ca44edaa0d2800e85d66137]
2017-08-14 04:39:27 [DEBUG] [] Config [url] = [https://xpayclient.lgdacom.net/xpay/Gateway.do]
2017-08-14 04:39:27 [DEBUG] [] Config [test_url] = [https://xpayclient.lgdacom.net:7443/xpay/Gateway.do]
2017-08-14 04:39:27 [DEBUG] [] Config [aux_url] = [http://xpayclient.lgdacom.net:7080/xpay/Gateway.do]
2017-08-14 04:39:27 [FATAL] [] Key for MID [] does not exist in mall.conf
2017-08-14 04:39:28 [INFO ] [] XPayClient initialize [./lgdacom] []
2017-08-14 04:39:28 [DEBUG] [] Config [server_id] = [01]
2017-08-14 04:39:28 [DEBUG] [] Config [timeout] = [60]
2017-08-14 04:39:28 [DEBUG] [] Config [log_level] = [4]
2017-08-14 04:39:28 [DEBUG] [] Config [verify_cert] = [1]
2017-08-14 04:39:28 [DEBUG] [] Config [verify_host] = [1]
2017-08-14 04:39:28 [DEBUG] [] Config [report_error] = [1]
2017-08-14 04:39:28 [DEBUG] [] Config [output_UTF8] = [0]
2017-08-14 04:39:28 [DEBUG] [] Config [auto_rollback] = [1]
2017-08-14 04:39:28 [DEBUG] [] Config [log_dir] = [./log]
2017-08-14 04:39:28 [DEBUG] [] Config [tminiver] = [690e08092ca44edaa0d2800e85d66137]
2017-08-14 04:39:28 [DEBUG] [] Config [miniver] = [690e08092ca44edaa0d2800e85d66137]
2017-08-14 04:39:28 [DEBUG] [] Config [url] = [https://xpayclient.lgdacom.net/xpay/Gateway.do]
2017-08-14 04:39:28 [DEBUG] [] Config [test_url] = [https://xpayclient.lgdacom.net:7443/xpay/Gateway.do]
2017-08-14 04:39:28 [DEBUG] [] Config [aux_url] = [http://xpayclient.lgdacom.net:7080/xpay/Gateway.do]
2017-08-14 04:39:28 [FATAL] [] Key for MID [] does not exist in mall.conf
2017-08-14 04:39:33 [INFO ] [] XPayClient initialize [./lgdacom] [test]
2017-08-14 04:39:33 [DEBUG] [] Config [server_id] = [01]
2017-08-14 04:39:33 [DEBUG] [] Config [timeout] = [60]
2017-08-14 04:39:33 [DEBUG] [] Config [log_level] = [4]
2017-08-14 04:39:33 [DEBUG] [] Config [verify_cert] = [1]
2017-08-14 04:39:33 [DEBUG] [] Config [verify_host] = [1]
2017-08-14 04:39:33 [DEBUG] [] Config [report_error] = [1]
2017-08-14 04:39:33 [DEBUG] [] Config [output_UTF8] = [0]
2017-08-14 04:39:33 [DEBUG] [] Config [auto_rollback] = [1]
2017-08-14 04:39:33 [DEBUG] [] Config [log_dir] = [./log]
2017-08-14 04:39:33 [DEBUG] [] Config [tminiver] = [690e08092ca44edaa0d2800e85d66137]
2017-08-14 04:39:33 [DEBUG] [] Config [miniver] = [690e08092ca44edaa0d2800e85d66137]
2017-08-14 04:39:33 [DEBUG] [] Config [url] = [https://xpayclient.lgdacom.net/xpay/Gateway.do]
2017-08-14 04:39:33 [DEBUG] [] Config [test_url] = [https://xpayclient.lgdacom.net:7443/xpay/Gateway.do]
2017-08-14 04:39:33 [DEBUG] [] Config [aux_url] = [http://xpayclient.lgdacom.net:7080/xpay/Gateway.do]
2017-08-14 04:39:43 [INFO ] [] XPayClient initialize [./lgdacom] [test]
2017-08-14 04:39:43 [DEBUG] [] Config [server_id] = [01]
2017-08-14 04:39:43 [DEBUG] [] Config [timeout] = [60]
2017-08-14 04:39:43 [DEBUG] [] Config [log_level] = [4]
2017-08-14 04:39:43 [DEBUG] [] Config [verify_cert] = [1]
2017-08-14 04:39:43 [DEBUG] [] Config [verify_host] = [1]
2017-08-14 04:39:43 [DEBUG] [] Config [report_error] = [1]
2017-08-14 04:39:43 [DEBUG] [] Config [output_UTF8] = [0]
2017-08-14 04:39:43 [DEBUG] [] Config [auto_rollback] = [1]
2017-08-14 04:39:43 [DEBUG] [] Config [log_dir] = [./log]
2017-08-14 04:39:43 [DEBUG] [] Config [tminiver] = [690e08092ca44edaa0d2800e85d66137]
2017-08-14 04:39:43 [DEBUG] [] Config [miniver] = [690e08092ca44edaa0d2800e85d66137]
2017-08-14 04:39:43 [DEBUG] [] Config [url] = [https://xpayclient.lgdacom.net/xpay/Gateway.do]
2017-08-14 04:39:43 [DEBUG] [] Config [test_url] = [https://xpayclient.lgdacom.net:7443/xpay/Gateway.do]
2017-08-14 04:39:43 [DEBUG] [] Config [aux_url] = [http://xpayclient.lgdacom.net:7080/xpay/Gateway.do]
2017-08-14 04:46:10 [INFO ] [] XPayClient initialize [./lgdacom] [test]
2017-08-14 04:46:10 [DEBUG] [] Config [server_id] = [01]
2017-08-14 04:46:10 [DEBUG] [] Config [timeout] = [60]
2017-08-14 04:46:10 [DEBUG] [] Config [log_level] = [4]
2017-08-14 04:46:10 [DEBUG] [] Config [verify_cert] = [1]
2017-08-14 04:46:10 [DEBUG] [] Config [verify_host] = [1]
2017-08-14 04:46:10 [DEBUG] [] Config [report_error] = [1]
2017-08-14 04:46:10 [DEBUG] [] Config [output_UTF8] = [0]
2017-08-14 04:46:10 [DEBUG] [] Config [auto_rollback] = [1]
2017-08-14 04:46:10 [DEBUG] [] Config [log_dir] = [./log]
2017-08-14 04:46:10 [DEBUG] [] Config [tminiver] = [690e08092ca44edaa0d2800e85d66137]
2017-08-14 04:46:10 [DEBUG] [] Config [miniver] = [690e08092ca44edaa0d2800e85d66137]
2017-08-14 04:46:10 [DEBUG] [] Config [url] = [https://xpayclient.lgdacom.net/xpay/Gateway.do]
2017-08-14 04:46:10 [DEBUG] [] Config [test_url] = [https://xpayclient.lgdacom.net:7443/xpay/Gateway.do]
2017-08-14 04:46:10 [DEBUG] [] Config [aux_url] = [http://xpayclient.lgdacom.net:7080/xpay/Gateway.do]
2017-08-14 04:46:12 [INFO ] [] XPayClient initialize [./lgdacom] [test]
2017-08-14 04:46:12 [DEBUG] [] Config [server_id] = [01]
2017-08-14 04:46:12 [DEBUG] [] Config [timeout] = [60]
2017-08-14 04:46:12 [DEBUG] [] Config [log_level] = [4]
2017-08-14 04:46:12 [DEBUG] [] Config [verify_cert] = [1]
2017-08-14 04:46:12 [DEBUG] [] Config [verify_host] = [1]
2017-08-14 04:46:12 [DEBUG] [] Config [report_error] = [1]
2017-08-14 04:46:12 [DEBUG] [] Config [output_UTF8] = [0]
2017-08-14 04:46:12 [DEBUG] [] Config [auto_rollback] = [1]
2017-08-14 04:46:12 [DEBUG] [] Config [log_dir] = [./log]
2017-08-14 04:46:12 [DEBUG] [] Config [tminiver] = [690e08092ca44edaa0d2800e85d66137]
2017-08-14 04:46:12 [DEBUG] [] Config [miniver] = [690e08092ca44edaa0d2800e85d66137]
2017-08-14 04:46:12 [DEBUG] [] Config [url] = [https://xpayclient.lgdacom.net/xpay/Gateway.do]
2017-08-14 04:46:12 [DEBUG] [] Config [test_url] = [https://xpayclient.lgdacom.net:7443/xpay/Gateway.do]
2017-08-14 04:46:12 [DEBUG] [] Config [aux_url] = [http://xpayclient.lgdacom.net:7080/xpay/Gateway.do]
2017-08-14 04:46:16 [INFO ] [] XPayClient initialize [./lgdacom] []
2017-08-14 04:46:16 [DEBUG] [] Config [server_id] = [01]
2017-08-14 04:46:16 [DEBUG] [] Config [timeout] = [60]
2017-08-14 04:46:16 [DEBUG] [] Config [log_level] = [4]
2017-08-14 04:46:16 [DEBUG] [] Config [verify_cert] = [1]
2017-08-14 04:46:16 [DEBUG] [] Config [verify_host] = [1]
2017-08-14 04:46:16 [DEBUG] [] Config [report_error] = [1]
2017-08-14 04:46:16 [DEBUG] [] Config [output_UTF8] = [0]
2017-08-14 04:46:16 [DEBUG] [] Config [auto_rollback] = [1]
2017-08-14 04:46:16 [DEBUG] [] Config [log_dir] = [./log]
2017-08-14 04:46:16 [DEBUG] [] Config [tminiver] = [690e08092ca44edaa0d2800e85d66137]
2017-08-14 04:46:16 [DEBUG] [] Config [miniver] = [690e08092ca44edaa0d2800e85d66137]
2017-08-14 04:46:16 [DEBUG] [] Config [url] = [https://xpayclient.lgdacom.net/xpay/Gateway.do]
2017-08-14 04:46:16 [DEBUG] [] Config [test_url] = [https://xpayclient.lgdacom.net:7443/xpay/Gateway.do]
2017-08-14 04:46:16 [DEBUG] [] Config [aux_url] = [http://xpayclient.lgdacom.net:7080/xpay/Gateway.do]
2017-08-14 04:46:16 [FATAL] [] Key for MID [] does not exist in mall.conf
2017-08-14 04:46:20 [INFO ] [] XPayClient initialize [./lgdacom] [test]
2017-08-14 04:46:20 [DEBUG] [] Config [server_id] = [01]
2017-08-14 04:46:20 [DEBUG] [] Config [timeout] = [60]
2017-08-14 04:46:20 [DEBUG] [] Config [log_level] = [4]
2017-08-14 04:46:20 [DEBUG] [] Config [verify_cert] = [1]
2017-08-14 04:46:20 [DEBUG] [] Config [verify_host] = [1]
2017-08-14 04:46:20 [DEBUG] [] Config [report_error] = [1]
2017-08-14 04:46:20 [DEBUG] [] Config [output_UTF8] = [0]
2017-08-14 04:46:20 [DEBUG] [] Config [auto_rollback] = [1]
2017-08-14 04:46:20 [DEBUG] [] Config [log_dir] = [./log]
2017-08-14 04:46:20 [DEBUG] [] Config [tminiver] = [690e08092ca44edaa0d2800e85d66137]
2017-08-14 04:46:20 [DEBUG] [] Config [miniver] = [690e08092ca44edaa0d2800e85d66137]
2017-08-14 04:46:20 [DEBUG] [] Config [url] = [https://xpayclient.lgdacom.net/xpay/Gateway.do]
2017-08-14 04:46:20 [DEBUG] [] Config [test_url] = [https://xpayclient.lgdacom.net:7443/xpay/Gateway.do]
2017-08-14 04:46:20 [DEBUG] [] Config [aux_url] = [http://xpayclient.lgdacom.net:7080/xpay/Gateway.do]
2017-08-14 04:46:23 [INFO ] [] XPayClient initialize [./lgdacom] [test]
2017-08-14 04:46:23 [DEBUG] [] Config [server_id] = [01]
2017-08-14 04:46:23 [DEBUG] [] Config [timeout] = [60]
2017-08-14 04:46:23 [DEBUG] [] Config [log_level] = [4]
2017-08-14 04:46:23 [DEBUG] [] Config [verify_cert] = [1]
2017-08-14 04:46:23 [DEBUG] [] Config [verify_host] = [1]
2017-08-14 04:46:23 [DEBUG] [] Config [report_error] = [1]
2017-08-14 04:46:23 [DEBUG] [] Config [output_UTF8] = [0]
2017-08-14 04:46:23 [DEBUG] [] Config [auto_rollback] = [1]
2017-08-14 04:46:23 [DEBUG] [] Config [log_dir] = [./log]
2017-08-14 04:46:23 [DEBUG] [] Config [tminiver] = [690e08092ca44edaa0d2800e85d66137]
2017-08-14 04:46:23 [DEBUG] [] Config [miniver] = [690e08092ca44edaa0d2800e85d66137]
2017-08-14 04:46:23 [DEBUG] [] Config [url] = [https://xpayclient.lgdacom.net/xpay/Gateway.do]
2017-08-14 04:46:23 [DEBUG] [] Config [test_url] = [https://xpayclient.lgdacom.net:7443/xpay/Gateway.do]
2017-08-14 04:46:23 [DEBUG] [] Config [aux_url] = [http://xpayclient.lgdacom.net:7080/xpay/Gateway.do]
2017-08-14 04:46:29 [INFO ] [] XPayClient initialize [./lgdacom] [test]
2017-08-14 04:46:29 [DEBUG] [] Config [server_id] = [01]
2017-08-14 04:46:29 [DEBUG] [] Config [timeout] = [60]
2017-08-14 04:46:29 [DEBUG] [] Config [log_level] = [4]
2017-08-14 04:46:29 [DEBUG] [] Config [verify_cert] = [1]
2017-08-14 04:46:29 [DEBUG] [] Config [verify_host] = [1]
2017-08-14 04:46:29 [DEBUG] [] Config [report_error] = [1]
2017-08-14 04:46:29 [DEBUG] [] Config [output_UTF8] = [0]
2017-08-14 04:46:29 [DEBUG] [] Config [auto_rollback] = [1]
2017-08-14 04:46:29 [DEBUG] [] Config [log_dir] = [./log]
2017-08-14 04:46:29 [DEBUG] [] Config [tminiver] = [690e08092ca44edaa0d2800e85d66137]
2017-08-14 04:46:29 [DEBUG] [] Config [miniver] = [690e08092ca44edaa0d2800e85d66137]
2017-08-14 04:46:29 [DEBUG] [] Config [url] = [https://xpayclient.lgdacom.net/xpay/Gateway.do]
2017-08-14 04:46:29 [DEBUG] [] Config [test_url] = [https://xpayclient.lgdacom.net:7443/xpay/Gateway.do]
2017-08-14 04:46:29 [DEBUG] [] Config [aux_url] = [http://xpayclient.lgdacom.net:7080/xpay/Gateway.do]
2017-08-14 04:51:59 [INFO ] [] XPayClient initialize [./lgdacom] [test]
2017-08-14 04:51:59 [DEBUG] [] Config [server_id] = [01]
2017-08-14 04:51:59 [DEBUG] [] Config [timeout] = [60]
2017-08-14 04:51:59 [DEBUG] [] Config [log_level] = [4]
2017-08-14 04:51:59 [DEBUG] [] Config [verify_cert] = [1]
2017-08-14 04:51:59 [DEBUG] [] Config [verify_host] = [1]
2017-08-14 04:51:59 [DEBUG] [] Config [report_error] = [1]
2017-08-14 04:51:59 [DEBUG] [] Config [output_UTF8] = [0]
2017-08-14 04:51:59 [DEBUG] [] Config [auto_rollback] = [1]
2017-08-14 04:51:59 [DEBUG] [] Config [log_dir] = [./log]
2017-08-14 04:51:59 [DEBUG] [] Config [tminiver] = [690e08092ca44edaa0d2800e85d66137]
2017-08-14 04:51:59 [DEBUG] [] Config [miniver] = [690e08092ca44edaa0d2800e85d66137]
2017-08-14 04:51:59 [DEBUG] [] Config [url] = [https://xpayclient.lgdacom.net/xpay/Gateway.do]
2017-08-14 04:51:59 [DEBUG] [] Config [test_url] = [https://xpayclient.lgdacom.net:7443/xpay/Gateway.do]
2017-08-14 04:51:59 [DEBUG] [] Config [aux_url] = [http://xpayclient.lgdacom.net:7080/xpay/Gateway.do]
2017-08-14 05:38:57 [INFO ] [] XPayClient initialize [./lgdacom] [test]
2017-08-14 05:38:57 [DEBUG] [] Config [server_id] = [01]
2017-08-14 05:38:57 [DEBUG] [] Config [timeout] = [60]
2017-08-14 05:38:57 [DEBUG] [] Config [log_level] = [4]
2017-08-14 05:38:57 [DEBUG] [] Config [verify_cert] = [1]
2017-08-14 05:38:57 [DEBUG] [] Config [verify_host] = [1]
2017-08-14 05:38:57 [DEBUG] [] Config [report_error] = [1]
2017-08-14 05:38:57 [DEBUG] [] Config [output_UTF8] = [1]
2017-08-14 05:38:57 [DEBUG] [] Config [auto_rollback] = [1]
2017-08-14 05:38:57 [DEBUG] [] Config [log_dir] = [./log]
2017-08-14 05:38:57 [DEBUG] [] Config [tminiver] = [690e08092ca44edaa0d2800e85d66137]
2017-08-14 05:38:57 [DEBUG] [] Config [miniver] = [690e08092ca44edaa0d2800e85d66137]
2017-08-14 05:38:57 [DEBUG] [] Config [url] = [https://xpayclient.lgdacom.net/xpay/Gateway.do]
2017-08-14 05:38:57 [DEBUG] [] Config [test_url] = [https://xpayclient.lgdacom.net:7443/xpay/Gateway.do]
2017-08-14 05:38:57 [DEBUG] [] Config [aux_url] = [http://xpayclient.lgdacom.net:7080/xpay/Gateway.do]
2017-08-14 05:40:01 [INFO ] [] XPayClient initialize [./lgdacom] [test]
2017-08-14 05:40:01 [DEBUG] [] Config [server_id] = [01]
2017-08-14 05:40:01 [DEBUG] [] Config [timeout] = [60]
2017-08-14 05:40:01 [DEBUG] [] Config [log_level] = [4]
2017-08-14 05:40:01 [DEBUG] [] Config [verify_cert] = [1]
2017-08-14 05:40:01 [DEBUG] [] Config [verify_host] = [1]
2017-08-14 05:40:01 [DEBUG] [] Config [report_error] = [1]
2017-08-14 05:40:01 [DEBUG] [] Config [output_UTF8] = [1]
2017-08-14 05:40:01 [DEBUG] [] Config [auto_rollback] = [1]
2017-08-14 05:40:01 [DEBUG] [] Config [log_dir] = [./log]
2017-08-14 05:40:01 [DEBUG] [] Config [tminiver] = [690e08092ca44edaa0d2800e85d66137]
2017-08-14 05:40:01 [DEBUG] [] Config [miniver] = [690e08092ca44edaa0d2800e85d66137]
2017-08-14 05:40:01 [DEBUG] [] Config [url] = [https://xpayclient.lgdacom.net/xpay/Gateway.do]
2017-08-14 05:40:01 [DEBUG] [] Config [test_url] = [https://xpayclient.lgdacom.net:7443/xpay/Gateway.do]
2017-08-14 05:40:01 [DEBUG] [] Config [aux_url] = [http://xpayclient.lgdacom.net:7080/xpay/Gateway.do]
2017-08-14 05:40:02 [INFO ] [] XPayClient initialize [./lgdacom] [test]
2017-08-14 05:40:02 [DEBUG] [] Config [server_id] = [01]
2017-08-14 05:40:02 [DEBUG] [] Config [timeout] = [60]
2017-08-14 05:40:02 [DEBUG] [] Config [log_level] = [4]
2017-08-14 05:40:02 [DEBUG] [] Config [verify_cert] = [1]
2017-08-14 05:40:02 [DEBUG] [] Config [verify_host] = [1]
2017-08-14 05:40:02 [DEBUG] [] Config [report_error] = [1]
2017-08-14 05:40:02 [DEBUG] [] Config [output_UTF8] = [1]
2017-08-14 05:40:02 [DEBUG] [] Config [auto_rollback] = [1]
2017-08-14 05:40:02 [DEBUG] [] Config [log_dir] = [./log]
2017-08-14 05:40:02 [DEBUG] [] Config [tminiver] = [690e08092ca44edaa0d2800e85d66137]
2017-08-14 05:40:02 [DEBUG] [] Config [miniver] = [690e08092ca44edaa0d2800e85d66137]
2017-08-14 05:40:02 [DEBUG] [] Config [url] = [https://xpayclient.lgdacom.net/xpay/Gateway.do]
2017-08-14 05:40:02 [DEBUG] [] Config [test_url] = [https://xpayclient.lgdacom.net:7443/xpay/Gateway.do]
2017-08-14 05:40:02 [DEBUG] [] Config [aux_url] = [http://xpayclient.lgdacom.net:7080/xpay/Gateway.do]
